Traceback (most recent call last):
  File "/home/yateng/Workspace/Shepherd_Behavior/main.py", line 49, in <module>
    shepherd = initate_shepherd(0)                           #  initate_shepherd(N_shepherd)
               ^^^^^^^^^^^^^^^^^^^
TypeError: initate_shepherd() missing 1 required positional argument: 'agent_num'
Traceback (most recent call last):
  File "/home/yateng/Workspace/Shepherd_Behavior/main.py", line 49, in <module>
    shepherd = initate_shepherd(0)                           #  initate_shepherd(N_shepherd)
               ^^^^^^^^^^^^^^^^^^^
TypeError: initate_shepherd() missing 1 required positional argument: 'agent_num'
Traceback (most recent call last):
  File "/home/yateng/Workspace/Shepherd_Behavior/main.py", line 49, in <module>
    shepherd = initate_shepherd(0)                           #  initate_shepherd(N_shepherd)
               ^^^^^^^^^^^^^^^^^^^
TypeError: initate_shepherd() missing 1 required positional argument: 'agent_num'
Traceback (most recent call last):
  File "/home/yateng/Workspace/Shepherd_Behavior/main.py", line 49, in <module>
    shepherd = initate_shepherd(0)                           #  initate_shepherd(N_shepherd)
               ^^^^^^^^^^^^^^^^^^^
TypeError: initate_shepherd() missing 1 required positional argument: 'agent_num'
Traceback (most recent call last):
  File "/home/yateng/Workspace/Shepherd_Behavior/main.py", line 49, in <module>
    shepherd = initate_shepherd(0)                           #  initate_shepherd(N_shepherd)
               ^^^^^^^^^^^^^^^^^^^
TypeError: initate_shepherd() missing 1 required positional argument: 'agent_num'
Traceback (most recent call last):
  File "/home/yateng/Workspace/Shepherd_Behavior/main.py", line 49, in <module>
    shepherd = initate_shepherd(0)                           #  initate_shepherd(N_shepherd)
               ^^^^^^^^^^^^^^^^^^^
TypeError: initate_shepherd() missing 1 required positional argument: 'agent_num'
