agent_state: (100, 1, 150000)
agent_state: (100, 1, 150000)
agent_state: (100, 1, 150000)
agent_state: (100, 1, 150000)
agent_state: (100, 1, 150000)
agent_state: (100, 1, 150000)
agent_state: (100, 1, 150000)
agent_state: (100, 1, 150000)
agent_state: (100, 1, 150000)
agent_state: (100, 1, 150000)
agent_state: (100, 1, 150000)
agent_state: (100, 1, 150000)
agent_state: (100, 1, 150000)
agent_state: (100, 1, 150000)
agent_state: (100, 1, 150000)
agent_state: (100, 1, 150000)
agent_state: (100, 1, 150000)
agent_state: (100, 1, 150000)
agent_state: (100, 1, 150000)
agent_state: (100, 1, 150000)
agent_state: (100, 1, 150000)
agent_state: (100, 1, 150000)
agent_state: (100, 1, 150000)
agent_state: (100, 1, 150000)
agent_state: (100, 1, 150000)
agent_state: (100, 1, 150000)
agent_state: (100, 1, 150000)
agent_state: (100, 1, 150000)
agent_state: (100, 1, 150000)
agent_state: (100, 1, 150000)
agent_state: (150, 1, 150000)
agent_state: (150, 1, 150000)
agent_state: (150, 1, 150000)
agent_state: (150, 1, 150000)
agent_state: (150, 1, 150000)
agent_state: (150, 1, 150000)
agent_state: (150, 1, 150000)
agent_state: (150, 1, 150000)
agent_state: (150, 1, 150000)
agent_state: (150, 1, 150000)
agent_state: (150, 1, 150000)
agent_state: (150, 1, 150000)
agent_state: (150, 1, 150000)
agent_state: (150, 1, 150000)
agent_state: (150, 1, 150000)
agent_state: (150, 1, 150000)
agent_state: (150, 1, 150000)
agent_state: (150, 1, 150000)
agent_state: (150, 1, 150000)
agent_state: (150, 1, 150000)
agent_state: (150, 1, 150000)
agent_state: (150, 1, 150000)
agent_state: (150, 1, 150000)
agent_state: (150, 1, 150000)
agent_state: (150, 1, 150000)
agent_state: (150, 1, 150000)
agent_state: (150, 1, 150000)
agent_state: (150, 1, 150000)
agent_state: (150, 1, 150000)
agent_state: (150, 1, 150000)
agent_state: (200, 1, 150000)
agent_state: (200, 1, 150000)
agent_state: (200, 1, 150000)
agent_state: (200, 1, 150000)
agent_state: (200, 1, 150000)
agent_state: (200, 1, 150000)
agent_state: (200, 1, 150000)
agent_state: (200, 1, 150000)
agent_state: (200, 1, 150000)
agent_state: (200, 1, 150000)
agent_state: (200, 1, 150000)
agent_state: (200, 1, 150000)
agent_state: (200, 1, 150000)
agent_state: (200, 1, 150000)
agent_state: (200, 1, 150000)
agent_state: (200, 1, 150000)
agent_state: (200, 1, 150000)
agent_state: (200, 1, 150000)
agent_state: (200, 1, 150000)
agent_state: (200, 1, 150000)
agent_state: (200, 1, 150000)
agent_state: (200, 1, 150000)
agent_state: (200, 1, 150000)
agent_state: (200, 1, 150000)
agent_state: (200, 1, 150000)
agent_state: (200, 1, 150000)
agent_state: (200, 1, 150000)
agent_state: (200, 1, 150000)
agent_state: (200, 1, 150000)
agent_state: (200, 1, 150000)
agent_state: (250, 1, 150000)
agent_state: (250, 1, 150000)
agent_state: (250, 1, 150000)
agent_state: (250, 1, 150000)
agent_state: (250, 1, 150000)
agent_state: (250, 1, 150000)
agent_state: (250, 1, 150000)
agent_state: (250, 1, 150000)
agent_state: (250, 1, 150000)
agent_state: (250, 1, 150000)
agent_state: (250, 1, 150000)
agent_state: (250, 1, 150000)
agent_state: (250, 1, 150000)
agent_state: (250, 1, 150000)
agent_state: (250, 1, 150000)
agent_state: (250, 1, 150000)
agent_state: (250, 1, 150000)
agent_state: (250, 1, 150000)
agent_state: (250, 1, 150000)
agent_state: (250, 1, 150000)
agent_state: (250, 1, 150000)
agent_state: (250, 1, 150000)
agent_state: (250, 1, 150000)
agent_state: (250, 1, 150000)
agent_state: (250, 1, 150000)
agent_state: (250, 1, 150000)
agent_state: (250, 1, 150000)
agent_state: (250, 1, 150000)
agent_state: (250, 1, 150000)
agent_state: (250, 1, 150000)
agent_state: (300, 1, 150000)
agent_state: (300, 1, 150000)
agent_state: (300, 1, 150000)
agent_state: (300, 1, 150000)
agent_state: (300, 1, 150000)
agent_state: (300, 1, 150000)
agent_state: (300, 1, 150000)
agent_state: (300, 1, 150000)
agent_state: (300, 1, 150000)
agent_state: (300, 1, 150000)
agent_state: (300, 1, 150000)
agent_state: (300, 1, 150000)
agent_state: (300, 1, 150000)
agent_state: (300, 1, 150000)
agent_state: (300, 1, 150000)
agent_state: (300, 1, 150000)
agent_state: (300, 1, 150000)
agent_state: (300, 1, 150000)
agent_state: (300, 1, 150000)
agent_state: (300, 1, 150000)
agent_state: (300, 1, 150000)
agent_state: (300, 1, 150000)
agent_state: (300, 1, 150000)
agent_state: (300, 1, 150000)
agent_state: (300, 1, 150000)
agent_state: (300, 1, 150000)
agent_state: (300, 1, 150000)
agent_state: (300, 1, 150000)
agent_state: (300, 1, 150000)
agent_state: (300, 1, 150000)
agent_state: (400, 1, 150000)
agent_state: (400, 1, 150000)
agent_state: (400, 1, 150000)
agent_state: (400, 1, 150000)
agent_state: (400, 1, 150000)
agent_state: (400, 1, 150000)
agent_state: (400, 1, 150000)
agent_state: (400, 1, 150000)
agent_state: (400, 1, 150000)
agent_state: (400, 1, 150000)
agent_state: (400, 1, 150000)
agent_state: (400, 1, 150000)
agent_state: (400, 1, 150000)
agent_state: (400, 1, 150000)
agent_state: (400, 1, 150000)
agent_state: (400, 1, 150000)
agent_state: (400, 1, 150000)
agent_state: (400, 1, 150000)
agent_state: (400, 1, 150000)
agent_state: (400, 1, 150000)
agent_state: (400, 1, 150000)
agent_state: (400, 1, 150000)
agent_state: (400, 1, 150000)
agent_state: (400, 1, 150000)
agent_state: (400, 1, 150000)
agent_state: (400, 1, 150000)
agent_state: (400, 1, 150000)
agent_state: (400, 1, 150000)
agent_state: (400, 1, 150000)
agent_state: (400, 1, 150000)
agent_state: (500, 1, 150000)
agent_state: (500, 1, 150000)
agent_state: (500, 1, 150000)
agent_state: (500, 1, 150000)
agent_state: (500, 1, 150000)
agent_state: (500, 1, 150000)
agent_state: (500, 1, 150000)
agent_state: (500, 1, 150000)
agent_state: (500, 1, 150000)
agent_state: (500, 1, 150000)
agent_state: (500, 1, 150000)
agent_state: (500, 1, 150000)
agent_state: (500, 1, 150000)
agent_state: (500, 1, 150000)
agent_state: (500, 1, 150000)
agent_state: (500, 1, 150000)
agent_state: (500, 1, 150000)
agent_state: (500, 1, 150000)
agent_state: (500, 1, 150000)
agent_state: (500, 1, 150000)
agent_state: (500, 1, 150000)
agent_state: (500, 1, 150000)
agent_state: (500, 1, 150000)
agent_state: (500, 1, 150000)
agent_state: (500, 1, 150000)
agent_state: (500, 1, 150000)
agent_state: (500, 1, 150000)
agent_state: (500, 1, 150000)
agent_state: (500, 1, 150000)
agent_state: (500, 1, 150000)
Traceback (most recent call last):
  File "/home/yateng/anaconda3/lib/python3.11/site-packages/numba/core/serialize.py", line 30, in _numba_unpickle
    def _numba_unpickle(address, bytedata, hashed):
    
KeyboardInterrupt

The above exception was the direct cause of the following exception:

SystemError: <function _numba_unpickle at 0x7f9e77608ae0> returned a result with an exception set

The above exception was the direct cause of the following exception:

SystemError: <function _numba_unpickle at 0x7f9e77608ae0> returned a result with an exception set

The above exception was the direct cause of the following exception:

Traceback (most recent call last):
  File "/home/yateng/Workspace/Shepherd_Behavior/main_interface.py", line 47, in <module>
    agents_update, shepherd_update, max_agents_indexes = evolve(agents, shepherd, Target_place_x,
                                                         ^^^^^^^^^^^^^^^^^^^^^^^^^^^^^^^^^^^^^^^^
SystemError: CPUDispatcher(<function evolve at 0x7f9e75984b80>) returned a result with an exception set
Traceback (most recent call last):
  File "/home/yateng/Workspace/Shepherd_Behavior/main_interface.py", line 47, in <module>
    agents_update, shepherd_update, max_agents_indexes = evolve(agents, shepherd, Target_place_x,
                                                         ^^^^^^^^^^^^^^^^^^^^^^^^^^^^^^^^^^^^^^^^
  File "/home/yateng/anaconda3/lib/python3.11/site-packages/numba/core/dispatcher.py", line 420, in _compile_for_args
    return_val = self.compile(tuple(argtypes))
                 ^^^^^^^^^^^^^^^^^^^^^^^^^^^^^
  File "/home/yateng/anaconda3/lib/python3.11/site-packages/numba/core/dispatcher.py", line 965, in compile
    cres = self._compiler.compile(args, return_type)
           ^^^^^^^^^^^^^^^^^^^^^^^^^^^^^^^^^^^^^^^^^
  File "/home/yateng/anaconda3/lib/python3.11/site-packages/numba/core/dispatcher.py", line 125, in compile
    status, retval = self._compile_cached(args, return_type)
                     ^^^^^^^^^^^^^^^^^^^^^^^^^^^^^^^^^^^^^^^
  File "/home/yateng/anaconda3/lib/python3.11/site-packages/numba/core/dispatcher.py", line 139, in _compile_cached
    retval = self._compile_core(args, return_type)
             ^^^^^^^^^^^^^^^^^^^^^^^^^^^^^^^^^^^^^
  File "/home/yateng/anaconda3/lib/python3.11/site-packages/numba/core/dispatcher.py", line 152, in _compile_core
    cres = compiler.compile_extra(self.targetdescr.typing_context,
           ^^^^^^^^^^^^^^^^^^^^^^^^^^^^^^^^^^^^^^^^^^^^^^^^^^^^^^^
  File "/home/yateng/anaconda3/lib/python3.11/site-packages/numba/core/compiler.py", line 742, in compile_extra
    return pipeline.compile_extra(func)
           ^^^^^^^^^^^^^^^^^^^^^^^^^^^^
  File "/home/yateng/anaconda3/lib/python3.11/site-packages/numba/core/compiler.py", line 460, in compile_extra
    return self._compile_bytecode()
           ^^^^^^^^^^^^^^^^^^^^^^^^
  File "/home/yateng/anaconda3/lib/python3.11/site-packages/numba/core/compiler.py", line 528, in _compile_bytecode
    return self._compile_core()
           ^^^^^^^^^^^^^^^^^^^^
  File "/home/yateng/anaconda3/lib/python3.11/site-packages/numba/core/compiler.py", line 494, in _compile_core
    pm.run(self.state)
  File "/home/yateng/anaconda3/lib/python3.11/site-packages/numba/core/compiler_machinery.py", line 356, in run
    self._runPass(idx, pass_inst, state)
  File "/home/yateng/anaconda3/lib/python3.11/site-packages/numba/core/compiler_lock.py", line 35, in _acquire_compile_lock
    return func(*args, **kwargs)
           ^^^^^^^^^^^^^^^^^^^^^
  File "/home/yateng/anaconda3/lib/python3.11/site-packages/numba/core/compiler_machinery.py", line 311, in _runPass
    mutated |= check(pss.run_pass, internal_state)
               ^^^^^^^^^^^^^^^^^^^^^^^^^^^^^^^^^^^
  File "/home/yateng/anaconda3/lib/python3.11/site-packages/numba/core/compiler_machinery.py", line 273, in check
    mangled = func(compiler_state)
              ^^^^^^^^^^^^^^^^^^^^
  File "/home/yateng/anaconda3/lib/python3.11/site-packages/numba/core/typed_passes.py", line 495, in run_pass
    cfunc = targetctx.get_executable(library, fndesc, env)
            ^^^^^^^^^^^^^^^^^^^^^^^^^^^^^^^^^^^^^^^^^^^^^^
  File "/home/yateng/anaconda3/lib/python3.11/site-packages/numba/core/cpu.py", line 236, in get_executable
    fnptr = library.get_pointer_to_function(
            ^^^^^^^^^^^^^^^^^^^^^^^^^^^^^^^^
  File "/home/yateng/anaconda3/lib/python3.11/site-packages/numba/core/codegen.py", line 989, in get_pointer_to_function
    self._ensure_finalized()
  File "/home/yateng/anaconda3/lib/python3.11/site-packages/numba/core/codegen.py", line 567, in _ensure_finalized
    self.finalize()
  File "/home/yateng/anaconda3/lib/python3.11/site-packages/numba/core/codegen.py", line 762, in finalize
    self._optimize_final_module()
  File "/home/yateng/anaconda3/lib/python3.11/site-packages/numba/core/codegen.py", line 682, in _optimize_final_module
    self._codegen._mpm_full.run(self._final_module)
  File "/home/yateng/anaconda3/lib/python3.11/site-packages/llvmlite/binding/passmanagers.py", line 682, in run
    return ffi.lib.LLVMPY_RunPassManager(self, module)
           ^^^^^^^^^^^^^^^^^^^^^^^^^^^^^^^^^^^^^^^^^^^
  File "/home/yateng/anaconda3/lib/python3.11/site-packages/llvmlite/binding/ffi.py", line 152, in __call__
    return self._cfn(*args, **kwargs)
           ^^^^^^^^^^^^^^^^^^^^^^^^^^
KeyboardInterrupt
